{"/Users/mati/repos/odin-testing-practice/practice.js": {"path":"/Users/mati/repos/odin-testing-practice/practice.js","statementMap":{"0":{"start":{"line":4,"column":21},"end":{"line":4,"column":69}},"1":{"start":{"line":5,"column":3},"end":{"line":5,"column":26}},"2":{"start":{"line":6,"column":3},"end":{"line":6,"column":19}},"3":{"start":{"line":12,"column":27},"end":{"line":12,"column":62}},"4":{"start":{"line":13,"column":4},"end":{"line":13,"column":26}},"5":{"start":{"line":18,"column":19},"end":{"line":31,"column":1}},"6":{"start":{"line":20,"column":8},"end":{"line":20,"column":20}},"7":{"start":{"line":23,"column":8},"end":{"line":23,"column":20}},"8":{"start":{"line":26,"column":8},"end":{"line":26,"column":20}},"9":{"start":{"line":29,"column":8},"end":{"line":29,"column":20}},"10":{"start":{"line":36,"column":16},"end":{"line":36,"column":17}},"11":{"start":{"line":37,"column":21},"end":{"line":37,"column":23}},"12":{"start":{"line":38,"column":18},"end":{"line":38,"column":28}},"13":{"start":{"line":40,"column":4},"end":{"line":48,"column":5}},"14":{"start":{"line":40,"column":16},"end":{"line":40,"column":17}},"15":{"start":{"line":41,"column":8},"end":{"line":45,"column":9}},"16":{"start":{"line":42,"column":12},"end":{"line":42,"column":89}},"17":{"start":{"line":44,"column":12},"end":{"line":44,"column":43}},"18":{"start":{"line":46,"column":8},"end":{"line":46,"column":32}},"19":{"start":{"line":49,"column":4},"end":{"line":49,"column":28}},"20":{"start":{"line":50,"column":4},"end":{"line":50,"column":22}},"21":{"start":{"line":53,"column":17},"end":{"line":53,"column":53}},"22":{"start":{"line":54,"column":0},"end":{"line":54,"column":22}}},"fnMap":{"0":{"name":"capitalize","decl":{"start":{"line":3,"column":9},"end":{"line":3,"column":19}},"loc":{"start":{"line":3,"column":28},"end":{"line":7,"column":1}},"line":3},"1":{"name":"reverse","decl":{"start":{"line":11,"column":9},"end":{"line":11,"column":16}},"loc":{"start":{"line":11,"column":25},"end":{"line":14,"column":1}},"line":11},"2":{"name":"(anonymous_2)","decl":{"start":{"line":19,"column":4},"end":{"line":19,"column":5}},"loc":{"start":{"line":19,"column":14},"end":{"line":21,"column":5}},"line":19},"3":{"name":"(anonymous_3)","decl":{"start":{"line":22,"column":4},"end":{"line":22,"column":5}},"loc":{"start":{"line":22,"column":19},"end":{"line":24,"column":5}},"line":22},"4":{"name":"(anonymous_4)","decl":{"start":{"line":25,"column":4},"end":{"line":25,"column":5}},"loc":{"start":{"line":25,"column":17},"end":{"line":27,"column":5}},"line":25},"5":{"name":"(anonymous_5)","decl":{"start":{"line":28,"column":4},"end":{"line":28,"column":5}},"loc":{"start":{"line":28,"column":19},"end":{"line":30,"column":5}},"line":28},"6":{"name":"caesarCipher","decl":{"start":{"line":35,"column":9},"end":{"line":35,"column":21}},"loc":{"start":{"line":35,"column":30},"end":{"line":51,"column":1}},"line":35}},"branchMap":{"0":{"loc":{"start":{"line":41,"column":8},"end":{"line":45,"column":9}},"type":"if","locations":[{"start":{"line":41,"column":8},"end":{"line":45,"column":9}},{"start":{"line":43,"column":17},"end":{"line":45,"column":9}}],"line":41}},"s":{"0":1,"1":1,"2":1,"3":1,"4":1,"5":1,"6":1,"7":1,"8":1,"9":1,"10":5,"11":5,"12":5,"13":5,"14":5,"15":102,"16":85,"17":17,"18":102,"19":5,"20":5,"21":1,"22":1},"f":{"0":1,"1":1,"2":1,"3":1,"4":1,"5":1,"6":5},"b":{"0":[85,17]},"_coverageSchema":"1a1c01bbd47fc00a2c39e90264f33305004495a9","hash":"fd8987ef84a3258ea617b53675ca6604db727281"}
}
