TN:
SF:practice.js
FN:3,capitalize
FN:11,reverse
FN:19,(anonymous_2)
FN:22,(anonymous_3)
FN:25,(anonymous_4)
FN:28,(anonymous_5)
FN:35,caesarCipher
FNF:7
FNH:7
FNDA:1,capitalize
FNDA:1,reverse
FNDA:1,(anonymous_2)
FNDA:1,(anonymous_3)
FNDA:1,(anonymous_4)
FNDA:1,(anonymous_5)
FNDA:5,caesarCipher
DA:4,1
DA:5,1
DA:6,1
DA:12,1
DA:13,1
DA:18,1
DA:20,1
DA:23,1
DA:26,1
DA:29,1
DA:36,5
DA:37,5
DA:38,5
DA:40,5
DA:41,102
DA:42,85
DA:44,17
DA:46,102
DA:49,5
DA:50,5
DA:53,1
DA:54,1
LF:22
LH:22
BRDA:41,0,0,85
BRDA:41,0,1,17
BRF:2
BRH:2
end_of_record
